1,1;0,1;0,0;1,1;1,1;1,1;1,1;0,1;1,0;1,1::6
1,0;0,0;1,1;0,0;1,1;0,1;0,0;0,0;1,1;0,0::9
0,1;1,0;1,1;1,0;1,1;0,0;0,1;1,0;1,0;1,1::4
0,0;0,1;1,1;1,0;0,1;0,1;1,1;0,0;1,0;1,1::8
1,0;1,1;1,0;1,0;0,0;1,1;1,1;1,1;0,1;0,1::0
0,1;0,0;1,0;1,1;0,0;1,1;0,0;1,0;0,1;0,1::3
1,0;1,1;1,1;0,0;1,1;0,0;0,1;1,1;0,1;1,1::2
1,1;0,1;1,0;1,0;1,1;0,1;0,0;0,1;0,0;0,0::0
1,0;1,0;1,1;1,1;1,0;0,1;1,1;1,1;0,0;0,1::1
1,1;1,0;0,0;0,0;0,1;1,0;0,1;0,1;1,0;1,1::9
0,1;0,1;0,0;1,1;0,1;0,0;0,1;0,0;1,1;1,1::9
1,1;0,0;1,1;1,1;1,1;1,0;1,1;1,0;0,1;0,0::7
1,0;0,0;1,0;1,0;1,1;0,1;1,1;0,1;0,1;1,0::4
0,0;0,1;1,0;0,0;0,1;0,0;0,0;1,0;0,0;1,0::4
0,0;0,0;0,1;0,0;0,1;0,0;1,1;0,1;0,0;1,0::0
1,1;1,0;0,1;0,1;1,0;1,0;1,0;1,0;1,1;1,0::9
0,1;0,0;0,1;1,1;0,0;1,1;0,1;0,1;1,1;0,0::7
0,0;1,1;1,1;0,0;1,0;1,1;0,1;0,0;1,0;1,0::2
0,0;0,0;0,0;0,0;1,0;1,0;0,1;1,1;0,1;0,0::0
0,1;1,0;0,0;0,1;1,1;1,0;1,1;1,0;1,1;1,1::5
1,1;1,1;1,1;1,1;1,0;1,1;0,0;1,0;1,0;1,1::4
0,0;1,1;0,1;0,0;1,1;1,0;1,1;0,1;1,1;0,0::4
1,0;0,0;1,1;0,0;1,0;0,1;0,1;0,0;0,1;1,0::4
0,0;0,1;1,0;1,1;0,0;0,1;0,1;0,1;0,0;0,0::9
1,0;1,1;0,1;0,0;1,0;1,0;0,1;1,0;1,0;0,0::6
---
0,1;0,1;0,1;0,0;0,1;0,1;0,0;0,0;0,0;0,0::2
0,0;0,0;0,1;0,0;0,0;0,1;0,1;0,0;0,0;0,0::1
---
G,F,!,U,&,|,->,X
---
1
---
F(x0)