0,0;0,0;0,0;0,1;0,0;0,0;0,0;0,0;0,1;0,1::9
---
0,0;1,1;1,1;0,0;1,1;0,0;0,1;1,0;1,0;1,1::4
0,0;0,1;1,1;0,0;1,0;0,1;1,0;0,1;0,1;1,1::7
1,0;0,0;0,1;0,0;0,0;1,1;1,1;0,1;1,0;0,1::1
1,0;1,0;0,0;0,1;0,0;1,0;1,0;0,0;0,0;0,0::7
1,1;0,0;1,1;1,0;0,0;1,1;0,0;1,0;0,0;1,1::4
0,0;0,0;0,0;1,1;0,1;0,0;0,1;1,0;0,0;1,0::5
1,0;0,1;1,1;0,0;0,0;1,1;1,1;0,0;1,0;1,0::5
0,0;0,0;0,0;1,0;0,1;0,0;0,1;1,1;0,1;0,0::3
1,0;0,0;1,1;0,1;0,0;0,1;0,1;0,0;0,0;1,1::2
0,0;1,0;1,1;1,1;1,1;0,1;1,1;1,1;0,0;1,1::7
0,0;0,1;0,0;1,1;1,1;1,1;0,1;0,1;1,1;1,0::4
0,0;0,0;0,0;0,1;1,1;0,0;0,0;0,0;0,0;1,0::4
1,1;0,0;1,1;0,1;1,0;1,0;0,0;0,0;0,1;1,0::0
1,0;0,1;1,1;0,0;0,0;0,1;0,0;0,0;0,0;0,0::0
0,1;0,1;0,1;0,0;0,0;1,1;1,0;1,1;0,1;0,1::6
1,0;0,0;0,0;1,1;0,0;1,0;1,0;1,1;0,1;1,1::0
0,1;0,0;1,0;0,0;1,0;0,0;0,1;1,0;0,0;1,1::5
1,1;0,1;0,1;0,1;1,1;0,0;1,1;1,0;0,0;0,0::7
1,0;0,1;0,0;1,0;0,1;1,1;0,1;1,1;1,1;1,0::2
1,0;1,1;1,1;1,1;0,0;1,0;1,0;0,0;1,1;1,1::9
0,0;1,1;0,1;0,0;0,0;0,0;1,1;1,1;0,1;0,0::3
1,0;1,1;1,0;0,0;0,1;1,0;0,1;0,1;1,1;1,1::0
0,1;1,1;0,1;1,1;1,0;0,0;1,1;0,0;1,1;1,0::5
1,1;0,1;1,0;0,0;1,1;1,0;0,1;0,0;1,1;0,1::3
1,0;1,0;0,0;1,0;1,0;0,0;0,1;1,1;0,1;1,0::3
---
G,F,!,U,&,|,->,X
---
2
---
G(!(x0))