1,1,1;0,0,1;1,1,0;0,0,0;0,1,1;0,1,1;1,1,1;0,0,0;0,0,0;1,1,0::1
0,0,1;1,0,1;0,0,1;1,1,1;1,0,1;1,1,1;1,0,1;1,1,0;0,0,1;0,0,0::9
1,1,0;0,0,0;1,0,0;1,1,0;1,0,0;1,1,0;1,0,1;1,0,0;0,1,1;1,1,0::3
1,1,1;0,0,1;1,1,0;1,1,1;0,0,1;1,0,0;0,0,1;1,1,0;0,0,0;0,1,1::0
0,1,0;1,0,0;1,0,0;0,0,0;0,0,0;1,0,0;0,0,1;0,0,0;1,0,0;1,1,0::7
0,0,0;0,0,0;0,1,0;0,0,1;0,0,1;1,0,0;0,0,1;1,1,0;1,0,0;0,1,1::0
0,0,1;0,1,0;0,1,0;1,1,1;1,0,1;0,1,0;0,1,0;1,1,1;0,0,1;1,1,1::7
0,0,0;0,1,1;1,0,1;0,1,1;1,0,1;0,0,0;0,0,1;0,0,1;1,1,0;1,0,0::0
1,0,0;0,0,1;1,0,1;1,0,1;1,0,0;0,0,0;0,0,0;1,1,1;1,0,0;0,0,1::7
0,0,0;0,1,0;1,1,0;0,0,0;0,0,1;0,1,0;0,0,0;1,1,1;0,1,0;0,0,1::9
0,0,0;1,1,1;0,1,0;1,1,0;0,0,0;1,0,1;0,0,0;0,0,1;0,1,0;1,1,1::7
1,1,1;0,0,0;0,1,1;0,0,1;1,0,1;1,1,1;1,1,1;0,0,0;1,1,0;1,0,1::6
1,0,1;0,0,1;0,0,0;1,1,1;0,1,0;1,1,1;0,0,1;0,0,1;0,0,1;0,1,1::2
0,0,1;1,0,1;0,0,0;0,0,0;1,1,1;1,0,1;0,1,0;1,1,1;0,0,1;0,1,0::5
0,0,0;0,0,1;0,0,0;1,0,1;0,0,1;1,1,1;0,0,0;1,0,0;1,0,0;0,0,1::4
0,1,1;0,1,0;1,0,0;1,0,0;0,1,0;0,1,1;1,0,0;1,1,1;1,1,1;1,1,0::1
1,1,0;1,1,0;0,1,0;1,1,0;1,0,0;1,0,0;1,0,0;0,1,1;0,1,0;1,0,1::8
0,0,1;1,1,1;1,1,1;0,1,0;0,0,0;0,1,1;0,0,1;1,1,1;0,1,0;0,1,0::9
0,1,0;1,1,1;0,1,1;1,0,0;1,0,0;1,0,1;0,0,1;1,0,0;1,1,1;0,1,1::0
0,1,1;1,1,1;0,1,1;0,1,1;0,0,0;0,1,0;1,1,1;1,1,1;1,0,0;0,0,0::4
1,0,1;1,1,1;0,0,0;1,1,0;0,1,1;1,0,0;0,0,0;1,0,1;0,0,1;0,0,1::0
0,1,1;0,1,1;1,0,0;1,1,1;0,1,1;1,0,1;1,0,1;1,0,0;1,1,1;1,1,1::4
0,0,1;1,1,0;0,0,0;1,0,0;1,0,1;0,1,0;0,1,0;0,1,0;1,0,1;0,0,0::5
1,0,1;0,0,1;1,1,0;1,0,0;1,1,0;1,0,0;0,1,1;0,0,0;1,0,0;1,1,0::8
0,0,0;0,0,0;0,1,1;1,0,1;0,1,0;0,1,0;0,1,0;0,1,0;0,1,0;0,0,0::6
---
1,0,0;0,0,1;1,0,0;1,0,1;0,0,0;0,0,1;1,0,1;0,0,1;1,0,0;0,0,0::4
1,0,1;0,0,0;1,0,1;1,0,0;1,0,0;0,0,1;0,0,1;0,0,0;1,0,0;1,0,1::7
---
G,F,!,U,&,|,->,X
---
4
---
|(G(!(x0)),F(&(x0,F(x1))))