1,0,0,1,0,0,1,0,0,0,0,0;0,1,0,0,1,0,0,1,0,0,0,0;0,0,1,0,0,1,0,0,1,0,0,0;1,0,0,0,0,0,0,0,0,0,1,0;0,1,0,1,0,0,0,0,0,0,0,0;0,1,1,0,1,0,0,0,0,0,0,0;0,0,1,0,0,1,0,0,0,0,0,0;0,0,0,1,0,0,0,0,0,0,0,0;0,1,0,0,1,0,0,0,0,0,0,0;0,0,0,0,0,1,0,0,0,0,0,0::9
0,0,0,1,0,0,0,0,0,0,0,0;1,0,0,0,1,0,1,0,0,0,0,0;0,1,0,0,0,1,0,1,0,0,0,0;0,0,1,0,0,0,0,0,1,0,1,0;1,0,0,1,0,0,0,0,0,0,0,0;0,1,0,0,1,0,0,0,0,0,0,0;0,1,1,0,0,1,0,0,0,0,0,0;0,0,1,1,0,0,0,0,0,0,0,0;0,1,0,0,1,0,0,0,0,0,0,0;0,0,0,0,0,1,0,0,0,0,0,0::9
1,0,0,1,0,0,1,0,0,0,0,0;0,1,0,0,1,0,0,0,0,0,0,0;0,0,1,0,0,1,0,0,0,0,0,0;1,0,0,0,0,0,0,1,0,0,1,0;0,1,0,1,0,0,0,0,1,0,0,0;0,1,1,0,1,0,0,0,0,0,0,0;0,0,0,0,0,1,0,0,0,0,0,0;0,0,1,1,0,0,0,0,0,0,0,0;0,1,0,0,1,0,0,0,0,0,0,0;0,0,0,0,0,1,0,0,0,0,0,0::9
1,0,0,1,0,0,1,0,0,0,0,0;0,1,0,0,1,0,0,1,0,0,0,0;0,0,1,0,0,1,0,0,0,0,0,0;1,0,0,0,0,0,0,0,1,0,1,0;0,1,0,1,0,0,0,0,0,0,0,0;0,1,1,0,1,0,0,0,0,0,0,0;0,0,0,0,0,1,0,0,0,0,0,0;0,0,1,1,0,0,0,0,0,0,0,0;0,0,0,0,1,0,0,0,0,0,0,0;0,1,0,0,0,1,0,0,0,0,0,0::9
1,0,0,1,0,0,1,0,0,0,0,0;0,1,0,0,1,0,0,1,0,0,0,0;0,0,1,0,0,1,0,0,0,0,0,0;1,0,0,0,0,0,0,0,1,0,1,0;0,1,0,1,0,0,0,0,0,0,0,0;0,1,1,0,1,0,0,0,0,0,0,0;0,0,0,0,0,1,0,0,0,0,0,0;0,0,1,1,0,0,0,0,0,0,0,0;0,1,0,0,1,0,0,0,0,0,0,0;0,0,0,0,0,1,0,0,0,0,0,0::9
1,0,0,1,0,0,1,0,0,0,0,0;0,1,0,0,1,0,0,1,0,0,0,0;0,0,1,0,0,1,0,0,0,0,0,0;1,0,0,0,0,0,0,0,1,0,1,0;0,1,0,1,0,0,0,0,0,0,0,0;0,1,1,0,1,0,0,0,0,0,0,0;0,0,1,0,0,1,0,0,0,0,0,0;0,0,0,1,0,0,0,0,0,0,0,0;0,1,0,0,1,0,0,0,0,0,0,0;0,0,0,0,0,1,0,0,0,0,0,0::9
1,0,0,1,0,0,1,0,0,0,0,0;0,1,0,0,1,0,0,1,0,0,0,0;0,0,1,0,0,1,0,0,0,0,0,0;1,0,0,0,0,0,0,0,0,0,1,0;0,1,0,1,0,0,0,0,0,0,0,0;0,1,1,0,1,0,0,0,1,0,0,0;0,0,0,0,0,1,0,0,0,0,0,0;0,0,1,1,0,0,0,0,0,0,0,0;0,1,0,0,1,0,0,0,0,0,0,0;0,0,0,0,0,1,0,0,0,0,0,0::9
1,0,0,1,0,0,1,0,0,0,0,0;0,1,0,0,1,0,0,1,0,0,0,0;0,0,1,0,0,1,0,0,0,0,0,0;1,0,0,0,0,0,0,0,0,0,1,0;0,1,0,1,0,0,0,0,0,0,0,0;0,1,1,0,1,0,0,0,0,0,0,0;0,0,0,0,0,1,0,0,1,0,0,0;0,0,1,1,0,0,0,0,0,0,0,0;0,1,0,0,1,0,0,0,0,0,0,0;0,0,0,0,0,1,0,0,0,0,0,0::9
1,0,0,1,0,0,1,0,0,0,0,0;0,1,0,0,1,0,0,1,0,0,0,0;0,0,1,0,0,1,0,0,0,0,0,0;1,0,0,0,0,0,0,0,0,0,1,0;0,1,0,1,0,0,0,0,0,0,0,0;0,1,1,0,1,0,0,0,0,0,0,0;0,0,0,0,0,1,0,0,0,0,0,0;0,0,1,1,0,0,0,0,1,0,0,0;0,1,0,0,1,0,0,0,0,0,0,0;0,0,0,0,0,1,0,0,0,0,0,0::9
1,0,0,1,0,0,1,0,0,0,0,0;0,1,0,0,1,0,0,1,0,0,0,0;0,0,1,0,0,1,0,0,0,0,0,0;1,0,0,0,0,0,0,0,0,0,1,0;0,1,0,1,0,0,0,0,0,0,0,0;0,1,1,0,1,0,0,0,0,0,0,0;0,0,0,0,0,1,0,0,0,0,0,0;0,0,1,1,0,0,0,0,0,0,0,0;0,1,0,0,1,0,0,0,1,0,0,0;0,0,0,0,0,1,0,0,0,0,0,0::9
---
1,0,0,1,0,0,1,0,0,0,0,0;0,1,0,0,1,0,0,1,0,0,0,0;0,0,1,0,0,1,0,0,1,0,0,0;1,0,0,1,0,0,0,0,0,0,0,1;0,1,0,0,1,0,1,0,0,0,0,0;0,0,1,0,0,1,0,1,0,0,0,0;1,0,0,0,0,1,0,0,1,0,0,0;0,1,0,1,0,0,0,0,0,0,0,0;0,0,1,1,0,0,0,0,0,0,0,0;0,0,0,1,0,0,0,0,0,0,0,0::9
0,0,0,0,0,0,1,0,0,0,0,0;1,0,0,1,0,0,0,1,0,0,0,0;0,1,0,0,1,0,0,0,1,0,0,0;0,0,1,0,0,1,0,0,0,0,0,1;1,0,0,1,0,0,1,0,0,0,0,0;0,1,0,0,1,0,0,1,0,0,0,0;0,0,1,0,0,1,0,0,1,0,0,0;1,0,0,1,0,0,0,0,0,0,0,0;0,1,0,1,0,0,0,0,0,0,0,0;0,0,1,1,0,0,0,0,0,0,0,0::9
1,0,0,1,0,0,1,0,0,0,0,0;0,1,0,0,1,0,0,1,0,0,0,0;0,0,1,0,0,1,0,0,1,0,0,0;1,0,0,1,0,0,0,0,0,0,0,1;0,1,0,0,1,0,1,0,0,0,0,0;0,0,1,0,0,1,0,1,0,0,0,0;1,0,0,0,0,1,0,0,0,0,0,0;0,1,0,1,0,0,0,0,1,0,0,0;0,0,1,1,0,0,0,0,0,0,0,0;0,0,0,1,0,0,0,0,0,0,0,0::9
1,0,0,1,0,0,1,0,0,0,0,0;0,1,0,0,1,0,0,1,0,0,0,0;0,0,1,0,0,1,0,0,1,0,0,0;1,0,0,1,0,0,0,0,0,0,0,1;0,1,0,0,1,0,1,0,0,0,0,0;0,0,1,0,0,1,0,1,0,0,0,0;1,0,0,0,0,1,0,0,0,0,0,0;0,1,0,1,0,0,0,0,0,0,0,0;0,0,1,1,0,0,0,0,1,0,0,0;0,0,0,1,0,0,0,0,0,0,0,0::9
1,0,0,1,0,0,1,0,0,0,0,0;0,1,0,0,1,0,0,1,0,0,0,0;0,0,1,0,0,1,0,0,1,0,0,0;1,0,0,1,0,0,0,0,0,0,0,1;0,1,0,0,1,0,1,0,0,0,0,0;0,0,1,0,0,1,0,1,0,0,0,0;1,0,0,0,0,1,0,0,0,0,0,0;0,1,0,1,0,0,0,0,0,0,0,0;0,0,1,1,0,0,0,0,0,0,0,0;0,0,0,1,0,0,0,0,1,0,0,0::9
1,0,0,1,0,0,1,0,0,0,0,0;0,1,0,0,1,0,0,1,0,0,0,0;0,0,1,0,0,1,0,0,1,0,0,0;1,0,0,1,0,0,0,0,0,0,0,1;0,1,0,0,1,0,1,0,0,0,0,0;0,0,1,0,0,0,0,1,0,0,0,0;1,0,0,0,0,1,0,0,1,0,0,0;0,1,0,1,0,1,0,0,0,0,0,0;0,0,1,1,0,0,0,0,0,0,0,0;0,0,0,1,0,0,0,0,0,0,0,0::9
1,0,0,1,0,0,1,0,0,0,0,0;0,1,0,0,1,0,0,1,0,0,0,0;0,0,1,0,0,1,0,0,1,0,0,0;1,0,0,1,0,0,0,0,0,0,0,1;0,1,0,0,1,0,1,0,0,0,0,0;0,0,1,0,0,0,0,1,0,0,0,0;1,0,0,0,0,1,0,0,1,0,0,0;0,1,0,1,0,0,0,0,0,0,0,0;0,0,1,1,0,1,0,0,0,0,0,0;0,0,0,1,0,0,0,0,0,0,0,0::9
1,0,0,1,0,0,1,0,0,0,0,0;0,1,0,0,1,0,0,1,0,0,0,0;0,0,1,0,0,1,0,0,1,0,0,0;1,0,0,1,0,0,0,0,0,0,0,1;0,1,0,0,1,0,1,0,0,0,0,0;0,0,1,0,0,0,0,1,0,0,0,0;1,0,0,0,0,1,0,0,1,0,0,0;0,1,0,1,0,0,0,0,0,0,0,0;0,0,1,1,0,0,0,0,0,0,0,0;0,0,0,1,0,1,0,0,0,0,0,0::9
1,0,0,1,0,0,1,0,0,0,0,0;0,1,0,0,1,0,0,1,0,0,0,0;0,0,1,0,0,1,0,0,1,0,0,0;1,0,0,1,0,0,0,0,0,0,0,1;0,1,0,0,0,0,1,0,0,0,0,0;0,0,1,0,1,0,0,1,0,0,0,0;1,0,0,0,0,1,0,0,1,0,0,0;0,1,0,1,0,0,0,0,0,0,0,0;0,0,1,1,0,1,0,0,0,0,0,0;0,0,0,1,0,0,0,0,0,0,0,0::9
1,0,0,1,0,0,1,0,0,0,0,0;0,1,0,0,1,0,0,1,0,0,0,0;0,0,1,0,0,1,0,0,1,0,0,0;1,0,0,1,0,0,0,0,0,0,0,1;0,1,0,0,0,0,1,0,0,0,0,0;0,0,1,0,0,0,0,1,0,0,0,0;1,0,0,0,1,1,0,0,1,0,0,0;0,1,0,1,0,0,0,0,0,0,0,0;0,0,1,1,0,1,0,0,0,0,0,0;0,0,0,1,0,0,0,0,0,0,0,0::9
1,0,0,0,0,0,1,0,0,0,1,0;0,1,0,1,0,0,0,1,0,0,0,0;0,0,1,0,1,0,0,0,1,0,0,0;1,0,0,0,0,1,0,0,0,0,0,0;0,1,0,0,0,0,0,0,0,0,0,0;0,0,1,0,0,0,0,0,0,0,0,0;1,0,0,0,0,0,0,0,0,0,0,0;0,1,0,0,0,0,0,0,0,0,0,0;0,0,1,1,0,0,0,0,0,0,0,0;0,0,0,0,1,0,0,0,0,0,0,0;0,0,0,0,0,1,0,0,0,0,0,0::10
1,0,0,0,0,0,0,0,0,0,0,0;0,1,0,0,0,0,1,0,0,0,1,0;0,0,1,1,0,0,0,1,0,0,0,0;1,0,0,0,1,0,0,0,1,0,0,0;0,1,0,0,0,1,0,0,0,0,0,0;0,0,1,0,0,0,0,0,0,0,0,0;1,0,0,0,0,0,0,0,0,0,0,0;0,1,0,0,0,0,0,0,0,0,0,0;0,0,1,1,0,0,0,0,0,0,0,0;0,0,0,0,1,0,0,0,0,0,0,0;0,0,0,0,0,1,0,0,0,0,0,0::10
1,0,0,0,0,0,1,0,0,0,1,0;0,1,0,1,0,0,0,0,0,0,0,0;0,0,1,0,1,0,0,0,0,0,0,0;1,0,0,0,0,1,0,1,0,0,0,0;0,1,0,0,0,0,0,0,1,0,0,0;0,0,1,0,0,0,0,0,0,0,0,0;1,0,0,0,0,0,0,0,0,0,0,0;0,1,0,0,0,0,0,0,0,0,0,0;0,0,1,1,0,0,0,0,0,0,0,0;0,0,0,0,1,0,0,0,0,0,0,0;0,0,0,0,0,1,0,0,0,0,0,0::10
1,0,0,0,0,0,1,0,0,0,1,0;0,1,0,1,0,0,0,0,0,0,0,0;0,0,1,0,1,0,0,0,0,0,0,0;1,0,0,0,0,1,0,0,0,0,0,0;0,1,0,0,0,0,0,1,0,0,0,0;0,0,1,0,0,0,0,0,1,0,0,0;1,0,0,0,0,0,0,0,0,0,0,0;0,1,0,0,0,0,0,0,0,0,0,0;0,0,1,1,0,0,0,0,0,0,0,0;0,0,0,0,1,0,0,0,0,0,0,0;0,0,0,0,0,1,0,0,0,0,0,0::10
1,0,0,0,0,0,1,0,0,0,1,0;0,1,0,1,0,0,0,0,0,0,0,0;0,0,1,0,1,0,0,0,0,0,0,0;1,0,0,0,0,1,0,0,0,0,0,0;0,1,0,0,0,0,0,0,0,0,0,0;0,0,1,0,0,0,0,1,0,0,0,0;1,0,0,0,0,0,0,0,1,0,0,0;0,1,0,0,0,0,0,0,0,0,0,0;0,0,1,1,0,0,0,0,0,0,0,0;0,0,0,0,1,0,0,0,0,0,0,0;0,0,0,0,0,1,0,0,0,0,0,0::10
1,0,0,0,0,0,1,0,0,0,1,0;0,1,0,1,0,0,0,0,0,0,0,0;0,0,1,0,1,0,0,0,0,0,0,0;1,0,0,0,0,1,0,0,0,0,0,0;0,1,0,0,0,0,0,0,0,0,0,0;0,0,1,0,0,0,0,0,0,0,0,0;1,0,0,0,0,0,0,1,0,0,0,0;0,1,0,0,0,0,0,0,1,0,0,0;0,0,1,1,0,0,0,0,0,0,0,0;0,0,0,0,1,0,0,0,0,0,0,0;0,0,0,0,0,1,0,0,0,0,0,0::10
1,0,0,0,0,0,1,0,0,0,1,0;0,1,0,1,0,0,0,0,0,0,0,0;0,0,1,0,1,0,0,0,0,0,0,0;1,0,0,0,0,1,0,0,0,0,0,0;0,1,0,0,0,0,0,0,0,0,0,0;0,0,1,0,0,0,0,0,0,0,0,0;1,0,0,0,0,0,0,0,0,0,0,0;0,1,0,0,0,0,0,1,0,0,0,0;0,0,1,1,0,0,0,0,1,0,0,0;0,0,0,0,1,0,0,0,0,0,0,0;0,0,0,0,0,1,0,0,0,0,0,0::10
1,0,0,0,0,0,1,0,0,0,1,0;0,1,0,1,0,0,0,0,0,0,0,0;0,0,1,0,1,0,0,0,0,0,0,0;1,0,0,0,0,1,0,0,0,0,0,0;0,1,0,0,0,0,0,0,0,0,0,0;0,0,1,0,0,0,0,0,0,0,0,0;1,0,0,0,0,0,0,0,0,0,0,0;0,1,0,0,0,0,0,0,0,0,0,0;0,0,1,1,0,0,0,1,0,0,0,0;0,0,0,0,1,0,0,0,1,0,0,0;0,0,0,0,0,1,0,0,0,0,0,0::10
1,0,0,0,0,0,1,0,0,0,1,0;0,1,0,1,0,0,0,0,0,0,0,0;0,0,1,0,1,0,0,0,0,0,0,0;1,0,0,0,0,1,0,0,0,0,0,0;0,1,0,0,0,0,0,0,0,0,0,0;0,0,1,0,0,0,0,0,0,0,0,0;1,0,0,0,0,0,0,0,0,0,0,0;0,1,0,0,0,0,0,0,0,0,0,0;0,0,0,1,0,0,0,0,0,0,0,0;0,0,1,0,1,0,0,1,0,0,0,0;0,0,0,0,0,1,0,0,1,0,0,0::10
1,0,0,0,0,0,1,0,0,0,1,0;0,1,0,1,0,0,0,0,0,0,0,0;0,0,1,0,1,0,0,0,0,0,0,0;1,0,0,0,0,1,0,0,0,0,0,0;0,1,0,0,0,0,0,1,0,0,0,0;0,0,1,0,0,0,0,0,0,0,0,0;1,0,0,0,0,0,0,0,0,0,0,0;0,1,0,0,0,0,0,0,0,0,0,0;0,0,1,1,0,0,0,0,0,0,0,0;0,0,0,0,1,0,0,0,1,0,0,0;0,0,0,0,0,1,0,0,0,0,0,0::10
1,0,0,1,0,0,1,0,0,0,0,0;0,1,0,0,1,0,0,1,0,0,0,0;0,0,1,0,0,1,0,0,1,0,0,0;1,0,0,1,0,0,0,0,0,0,0,1;0,1,0,0,1,0,1,0,0,0,0,0;0,0,1,0,0,1,0,1,0,0,0,0;0,0,0,0,0,0,0,0,1,0,0,0::6
0,0,0,0,0,0,1,0,0,0,0,0;1,0,0,1,0,0,0,1,0,0,0,0;0,1,0,0,1,0,0,0,1,0,0,0;0,0,1,0,0,1,0,0,0,0,0,1;1,0,0,1,0,0,1,0,0,0,0,0;0,1,0,0,1,0,0,1,0,0,0,0;0,0,1,0,0,1,0,0,1,0,0,0::6
1,0,0,1,0,0,1,0,0,0,0,0;0,0,0,0,1,0,0,1,0,0,0,0;0,1,0,0,0,0,0,0,1,0,0,0;0,0,1,0,0,1,0,0,0,0,0,1;1,0,0,1,0,0,1,0,0,0,0,0;0,1,0,0,1,0,0,1,0,0,0,0;0,0,1,0,0,1,0,0,1,0,0,0::6
1,0,0,1,0,0,1,0,0,0,0,0;0,0,0,0,1,0,0,1,0,0,0,0;0,1,0,0,0,1,0,0,1,0,0,0;0,0,1,0,0,0,0,0,0,0,0,1;1,0,0,1,0,0,1,0,0,0,0,0;0,1,0,0,1,0,0,1,0,0,0,0;0,0,1,0,0,1,0,0,1,0,0,0::6
0,0,0,1,0,0,1,0,0,0,0,0;1,0,0,0,1,0,0,1,0,0,0,0;0,1,0,0,0,0,0,0,1,0,0,0;0,0,1,0,0,1,0,0,0,0,0,1;1,0,0,1,0,0,1,0,0,0,0,0;0,1,0,0,1,0,0,1,0,0,0,0;0,0,1,0,0,1,0,0,1,0,0,0::6
0,0,0,1,0,0,1,0,0,0,0,0;1,0,0,0,0,0,0,1,0,0,0,0;0,1,0,0,1,0,0,0,1,0,0,0;0,0,1,0,0,1,0,0,0,0,0,1;1,0,0,1,0,0,1,0,0,0,0,0;0,1,0,0,1,0,0,1,0,0,0,0;0,0,1,0,0,1,0,0,1,0,0,0::6
1,0,0,1,0,0,1,0,0,0,0,0;0,0,0,0,0,0,0,1,0,0,0,0;0,1,0,0,1,0,0,0,1,0,0,0;0,0,1,0,0,1,0,0,0,0,0,1;1,0,0,1,0,0,1,0,0,0,0,0;0,1,0,0,1,0,0,1,0,0,0,0;0,0,1,0,0,1,0,0,1,0,0,0::6
1,0,0,0,0,0,1,0,0,0,0,0;0,0,0,1,0,0,0,1,0,0,0,0;0,1,0,0,1,0,0,0,1,0,0,0;0,0,1,0,0,1,0,0,0,0,0,1;1,0,0,1,0,0,1,0,0,0,0,0;0,1,0,0,1,0,0,1,0,0,0,0;0,0,1,0,0,1,0,0,1,0,0,0::6
1,0,0,0,0,0,1,0,0,0,0,0;0,1,0,1,0,0,0,1,0,0,0,0;0,0,0,0,1,0,0,0,1,0,0,0;0,0,1,0,0,1,0,0,0,0,0,1;1,0,0,1,0,0,1,0,0,0,0,0;0,1,0,0,1,0,0,1,0,0,0,0;0,0,1,0,0,1,0,0,1,0,0,0::6
1,0,0,1,0,0,1,0,0,0,0,0;0,1,0,0,1,0,0,1,0,0,0,0;0,0,0,0,0,0,0,0,1,0,0,0;0,0,1,0,0,1,0,0,0,0,0,1;1,0,0,1,0,0,1,0,0,0,0,0;0,1,0,0,1,0,0,1,0,0,0,0;0,0,1,0,0,1,0,0,1,0,0,0::6
1,0,0,1,0,0,0,0,0,0,0,1;0,1,0,0,1,0,1,0,0,0,0,0;0,0,1,0,0,1,0,1,0,0,0,0;1,0,0,1,0,0,0,0,1,0,0,0;0,1,0,0,1,0,0,0,0,0,0,0;0,0,1,0,0,1,0,0,0,0,0,0::5
1,0,0,1,0,0,0,0,0,0,0,1;0,1,0,0,1,0,1,0,0,0,0,0;0,0,1,0,0,1,0,1,0,0,0,0;1,0,0,1,0,0,0,0,0,0,0,0;0,1,0,0,1,0,0,0,1,0,0,0;0,0,1,0,0,1,0,0,0,0,0,0::5
1,0,0,1,0,0,0,0,0,0,0,1;0,1,0,0,1,0,1,0,0,0,0,0;0,0,1,0,0,1,0,1,0,0,0,0;1,0,0,1,0,0,0,0,0,0,0,0;0,1,0,0,1,0,0,0,0,0,0,0;0,0,1,0,0,1,0,0,1,0,0,0::5
0,0,0,1,0,0,1,0,0,1,0,0;1,0,0,0,1,0,0,1,0,0,0,0;0,1,0,0,0,1,0,0,1,0,0,0;0,0,1,0,0,0,0,0,0,0,0,0;1,0,0,0,0,0,0,0,0,0,0,0;0,1,0,0,0,0,0,0,0,0,0,0;0,0,1,0,0,0,0,0,0,0,0,0;1,0,0,0,0,0,0,0,0,0,0,0;0,1,0,0,0,0,0,0,0,0,0,0;0,0,1,1,0,0,0,0,0,0,0,0;0,0,0,0,1,0,0,0,0,0,0,0;0,0,0,0,0,1,0,0,0,0,0,0::11
0,0,0,0,0,0,0,0,0,1,0,0;1,0,0,1,0,0,1,0,0,0,0,0;0,1,0,0,1,0,0,1,0,0,0,0;0,0,1,0,0,1,0,0,1,0,0,0;1,0,0,0,0,0,0,0,0,0,0,0;0,1,0,0,0,0,0,0,0,0,0,0;0,0,1,0,0,0,0,0,0,0,0,0;1,0,0,0,0,0,0,0,0,0,0,0;0,1,0,0,0,0,0,0,0,0,0,0;0,0,1,1,0,0,0,0,0,0,0,0;0,0,0,0,1,0,0,0,0,0,0,0;0,0,0,0,0,1,0,0,0,0,0,0::11
0,0,0,1,0,0,1,0,0,1,0,0;1,0,0,0,1,0,0,0,0,0,0,0;0,1,0,0,0,0,0,0,0,0,0,0;0,0,1,0,0,1,0,1,0,0,0,0;1,0,0,0,0,0,0,0,1,0,0,0;0,1,0,0,0,0,0,0,0,0,0,0;0,0,1,0,0,0,0,0,0,0,0,0;1,0,0,0,0,0,0,0,0,0,0,0;0,1,0,0,0,0,0,0,0,0,0,0;0,0,1,1,0,0,0,0,0,0,0,0;0,0,0,0,1,0,0,0,0,0,0,0;0,0,0,0,0,1,0,0,0,0,0,0::11
0,0,0,1,0,0,1,0,0,1,0,0;1,0,0,0,1,0,0,0,0,0,0,0;0,1,0,0,0,0,0,0,0,0,0,0;0,0,1,0,0,1,0,1,0,0,0,0;1,0,0,0,0,0,0,0,1,0,0,0;0,1,0,0,0,0,0,0,0,0,0,0;0,0,1,0,0,0,0,0,0,0,0,0;1,0,0,0,0,0,0,0,0,0,0,0;0,1,0,0,0,0,0,0,0,0,0,0;0,0,0,1,0,0,0,0,0,0,0,0;0,0,1,0,1,0,0,0,0,0,0,0;0,0,0,0,0,1,0,0,0,0,0,0::11
0,0,0,1,0,0,1,0,0,1,0,0;1,0,0,0,1,0,0,1,0,0,0,0;0,1,0,0,0,1,0,0,0,0,0,0;0,0,1,0,0,0,0,0,0,0,0,0;1,0,0,0,0,0,0,0,1,0,0,0;0,1,0,0,0,0,0,0,0,0,0,0;0,0,1,0,0,0,0,0,0,0,0,0;1,0,0,0,0,0,0,0,0,0,0,0;0,1,0,0,0,0,0,0,0,0,0,0;0,0,0,1,0,0,0,0,0,0,0,0;0,0,0,0,1,0,0,0,0,0,0,0;0,0,1,0,0,1,0,0,0,0,0,0::11
0,0,0,1,0,0,1,0,0,1,0,0;1,0,0,0,1,0,0,1,0,0,0,0;0,1,0,0,0,1,0,0,0,0,0,0;0,0,1,0,0,0,0,0,0,0,0,0;1,0,0,0,0,0,0,0,1,0,0,0;0,1,0,0,0,0,0,0,0,0,0,0;0,0,1,0,0,0,0,0,0,0,0,0;1,0,0,0,0,0,0,0,0,0,0,0;0,1,0,0,0,0,0,0,0,0,0,0;0,0,1,1,0,0,0,0,0,0,0,0;0,0,0,0,1,0,0,0,0,0,0,0;0,0,0,0,0,1,0,0,0,0,0,0::11
0,0,0,1,0,0,1,0,0,1,0,0;1,0,0,0,1,0,0,1,0,0,0,0;0,1,0,0,0,1,0,0,0,0,0,0;0,0,1,0,0,0,0,0,1,0,0,0;1,0,0,0,0,0,0,0,0,0,0,0;0,1,0,0,0,0,0,0,0,0,0,0;0,0,1,0,0,0,0,0,0,0,0,0;1,0,0,0,0,0,0,0,0,0,0,0;0,1,0,0,0,0,0,0,0,0,0,0;0,0,1,1,0,0,0,0,0,0,0,0;0,0,0,0,1,0,0,0,0,0,0,0;0,0,0,0,0,1,0,0,0,0,0,0::11
0,0,0,1,0,0,1,0,0,1,0,0;1,0,0,0,1,0,0,1,0,0,0,0;0,1,0,0,0,0,0,0,0,0,0,0;0,0,1,0,0,0,0,0,1,0,0,0;1,0,0,0,0,1,0,0,0,0,0,0;0,1,0,0,0,0,0,0,0,0,0,0;0,0,1,0,0,0,0,0,0,0,0,0;1,0,0,0,0,0,0,0,0,0,0,0;0,1,0,0,0,0,0,0,0,0,0,0;0,0,1,1,0,0,0,0,0,0,0,0;0,0,0,0,1,0,0,0,0,0,0,0;0,0,0,0,0,1,0,0,0,0,0,0::11
0,0,0,1,0,0,1,0,0,1,0,0;1,0,0,0,1,0,0,1,0,0,0,0;0,1,0,0,0,0,0,0,0,0,0,0;0,0,1,0,0,0,0,0,1,0,0,0;1,0,0,0,0,0,0,0,0,0,0,0;0,1,0,0,0,1,0,0,0,0,0,0;0,0,1,0,0,0,0,0,0,0,0,0;1,0,0,0,0,0,0,0,0,0,0,0;0,1,0,0,0,0,0,0,0,0,0,0;0,0,1,1,0,0,0,0,0,0,0,0;0,0,0,0,1,0,0,0,0,0,0,0;0,0,0,0,0,1,0,0,0,0,0,0::11
0,0,0,1,0,0,1,0,0,1,0,0;1,0,0,0,1,0,0,1,0,0,0,0;0,1,0,0,0,0,0,0,0,0,0,0;0,0,1,0,0,0,0,0,1,0,0,0;1,0,0,0,0,0,0,0,0,0,0,0;0,1,0,0,0,0,0,0,0,0,0,0;0,0,1,0,0,1,0,0,0,0,0,0;1,0,0,0,0,0,0,0,0,0,0,0;0,1,0,0,0,0,0,0,0,0,0,0;0,0,1,1,0,0,0,0,0,0,0,0;0,0,0,0,1,0,0,0,0,0,0,0;0,0,0,0,0,1,0,0,0,0,0,0::11
1,0,0,1,0,0,1,0,0,0,0,0;0,1,0,0,1,0,0,1,0,0,0,0;0,0,1,0,0,1,0,0,1,0,0,0;0,0,0,0,0,0,0,0,0,1,0,0;1,0,0,0,0,0,0,0,0,0,0,0;0,1,0,0,0,0,0,0,0,0,0,0;0,0,1,0,0,0,0,0,0,0,0,0;1,0,0,0,0,0,0,0,0,0,0,0;0,1,0,0,0,0,0,0,0,0,0,0;0,0,1,1,0,0,0,0,0,0,0,0;0,0,0,0,1,0,0,0,0,0,0,0;0,0,0,0,0,1,0,0,0,0,0,0::11
1,0,0,0,0,0,0,0,0,0,0,0;0,1,0,1,0,0,1,0,0,0,0,0;0,0,1,0,1,0,0,1,0,0,0,0;0,0,0,0,0,1,0,0,1,1,0,0;1,0,0,0,0,0,0,0,0,0,0,0;0,1,0,0,0,0,0,0,0,0,0,0;0,0,1,0,0,0,0,0,0,0,0,0;1,0,0,0,0,0,0,0,0,0,0,0;0,1,0,0,0,0,0,0,0,0,0,0;0,0,0,1,0,0,0,0,0,0,0,0;0,0,1,0,1,0,0,0,0,0,0,0;0,0,0,0,0,1,0,0,0,0,0,0::11
1,0,0,1,0,0,1,0,0,0,0,0;0,1,0,0,0,0,0,0,0,0,0,0;0,0,1,0,1,0,0,1,0,0,0,0;0,0,0,0,0,1,0,0,1,1,0,0;1,0,0,0,0,0,0,0,0,0,0,0;0,1,0,0,0,0,0,0,0,0,0,0;0,0,1,0,0,0,0,0,0,0,0,0;1,0,0,0,0,0,0,0,0,0,0,0;0,1,0,0,0,0,0,0,0,0,0,0;0,0,0,1,0,0,0,0,0,0,0,0;0,0,0,0,1,0,0,0,0,0,0,0;0,0,1,0,0,1,0,0,0,0,0,0::11
1,0,0,1,0,0,1,0,0,0,0,0;0,1,0,0,0,0,0,0,0,0,0,0;0,0,1,0,1,0,0,1,0,0,0,0;0,0,0,0,0,1,0,0,1,1,0,0;1,0,0,0,0,0,0,0,0,0,0,0;0,1,0,0,0,0,0,0,0,0,0,0;0,0,1,0,0,0,0,0,0,0,0,0;1,0,0,0,0,0,0,0,0,0,0,0;0,1,0,0,0,0,0,0,0,0,0,0;0,0,1,1,0,0,0,0,0,0,0,0;0,0,0,0,1,0,0,0,0,0,0,0;0,0,0,0,0,1,0,0,0,0,0,0::11
1,0,0,1,0,0,1,0,0,0,0,0;0,1,0,0,0,0,0,1,0,0,0,0;0,0,1,0,1,0,0,0,1,0,0,0;0,0,0,0,0,1,0,0,0,1,0,0;1,0,0,0,0,0,0,0,0,0,0,0;0,1,0,0,0,0,0,0,0,0,0,0;0,0,1,0,0,0,0,0,0,0,0,0;1,0,0,0,0,0,0,0,0,0,0,0;0,1,0,0,0,0,0,0,0,0,0,0;0,0,1,1,0,0,0,0,0,0,0,0;0,0,0,0,1,0,0,0,0,0,0,0;0,0,0,0,0,1,0,0,0,0,0,0::11
1,0,0,1,0,0,1,0,0,0,0,0;0,1,0,0,0,0,0,1,0,0,0,0;0,0,1,0,1,0,0,0,0,0,0,0;0,0,0,0,0,1,0,0,0,1,0,0;1,0,0,0,0,0,0,0,1,0,0,0;0,1,0,0,0,0,0,0,0,0,0,0;0,0,1,0,0,0,0,0,0,0,0,0;1,0,0,0,0,0,0,0,0,0,0,0;0,1,0,0,0,0,0,0,0,0,0,0;0,0,1,1,0,0,0,0,0,0,0,0;0,0,0,0,1,0,0,0,0,0,0,0;0,0,0,0,0,1,0,0,0,0,0,0::11
1,0,0,1,0,0,1,0,0,0,0,0;0,1,0,0,0,0,0,1,0,0,0,0;0,0,1,0,1,0,0,0,0,0,0,0;0,0,0,0,0,1,0,0,0,1,0,0;1,0,0,0,0,0,0,0,0,0,0,0;0,1,0,0,0,0,0,0,1,0,0,0;0,0,1,0,0,0,0,0,0,0,0,0;1,0,0,0,0,0,0,0,0,0,0,0;0,1,0,0,0,0,0,0,0,0,0,0;0,0,1,1,0,0,0,0,0,0,0,0;0,0,0,0,1,0,0,0,0,0,0,0;0,0,0,0,0,1,0,0,0,0,0,0::11
1,0,0,1,0,0,1,0,0,0,0,0;0,1,0,0,0,0,0,1,0,0,0,0;0,0,1,0,1,0,0,0,0,0,0,0;0,0,0,0,0,1,0,0,0,1,0,0;1,0,0,0,0,0,0,0,0,0,0,0;0,1,0,0,0,0,0,0,0,0,0,0;0,0,1,0,0,0,0,0,1,0,0,0;1,0,0,0,0,0,0,0,0,0,0,0;0,1,0,0,0,0,0,0,0,0,0,0;0,0,1,1,0,0,0,0,0,0,0,0;0,0,0,0,1,0,0,0,0,0,0,0;0,0,0,0,0,1,0,0,0,0,0,0::11
1,0,0,1,0,0,1,0,0,0,0,0;0,1,0,0,0,0,0,1,0,0,0,0;0,0,1,0,1,0,0,0,0,0,0,0;0,0,0,0,0,1,0,0,0,1,0,0;1,0,0,0,0,0,0,0,0,0,0,0;0,1,0,0,0,0,0,0,0,0,0,0;0,0,1,0,0,0,0,0,0,0,0,0;1,0,0,0,0,0,0,0,1,0,0,0;0,1,0,0,0,0,0,0,0,0,0,0;0,0,1,1,0,0,0,0,0,0,0,0;0,0,0,0,1,0,0,0,0,0,0,0;0,0,0,0,0,1,0,0,0,0,0,0::11
1,0,0,1,0,0,1,0,0,0,0,0;0,1,0,0,0,0,0,1,0,0,0,0;0,0,1,0,1,0,0,0,0,0,0,0;0,0,0,0,0,1,0,0,0,1,0,0;1,0,0,0,0,0,0,0,0,0,0,0;0,1,0,0,0,0,0,0,0,0,0,0;0,0,1,0,0,0,0,0,0,0,0,0;1,0,0,0,0,0,0,0,0,0,0,0;0,1,0,0,0,0,0,0,1,0,0,0;0,0,1,1,0,0,0,0,0,0,0,0;0,0,0,0,1,0,0,0,0,0,0,0;0,0,0,0,0,1,0,0,0,0,0,0::11
1,0,0,0,0,0,1,0,0,0,1,0;0,1,0,1,0,0,0,1,0,0,0,0;0,0,1,0,1,0,0,0,1,0,0,0;1,0,0,0,0,1,0,0,0,0,0,0;0,1,0,0,0,0,0,0,0,0,0,0;0,0,1,0,0,0,0,0,0,0,0,0;1,0,0,0,0,0,0,0,0,0,0,0;0,1,0,0,0,0,0,0,0,0,0,0;0,0,1,1,0,0,0,0,0,0,0,0;0,0,0,0,1,0,0,0,0,0,0,0;0,0,0,0,0,1,0,0,0,0,0,0::10
1,0,0,0,0,0,0,0,0,0,0,0;0,1,0,0,0,0,1,0,0,0,1,0;0,0,1,1,0,0,0,1,0,0,0,0;1,0,0,0,1,0,0,0,1,0,0,0;0,1,0,0,0,1,0,0,0,0,0,0;0,0,1,0,0,0,0,0,0,0,0,0;1,0,0,0,0,0,0,0,0,0,0,0;0,1,0,0,0,0,0,0,0,0,0,0;0,0,1,1,0,0,0,0,0,0,0,0;0,0,0,0,1,0,0,0,0,0,0,0;0,0,0,0,0,1,0,0,0,0,0,0::10
1,0,0,0,0,0,1,0,0,0,1,0;0,1,0,1,0,0,0,0,0,0,0,0;0,0,1,0,1,0,0,0,0,0,0,0;1,0,0,0,0,1,0,1,0,0,0,0;0,1,0,0,0,0,0,0,1,0,0,0;0,0,1,0,0,0,0,0,0,0,0,0;1,0,0,0,0,0,0,0,0,0,0,0;0,1,0,0,0,0,0,0,0,0,0,0;0,0,1,1,0,0,0,0,0,0,0,0;0,0,0,0,1,0,0,0,0,0,0,0;0,0,0,0,0,1,0,0,0,0,0,0::10
1,0,0,0,0,0,1,0,0,0,1,0;0,1,0,1,0,0,0,0,0,0,0,0;0,0,1,0,1,0,0,0,0,0,0,0;1,0,0,0,0,1,0,0,0,0,0,0;0,1,0,0,0,0,0,1,0,0,0,0;0,0,1,0,0,0,0,0,1,0,0,0;1,0,0,0,0,0,0,0,0,0,0,0;0,1,0,0,0,0,0,0,0,0,0,0;0,0,1,1,0,0,0,0,0,0,0,0;0,0,0,0,1,0,0,0,0,0,0,0;0,0,0,0,0,1,0,0,0,0,0,0::10
1,0,0,0,0,0,1,0,0,0,1,0;0,1,0,1,0,0,0,0,0,0,0,0;0,0,1,0,1,0,0,0,0,0,0,0;1,0,0,0,0,1,0,0,0,0,0,0;0,1,0,0,0,0,0,0,0,0,0,0;0,0,1,0,0,0,0,1,0,0,0,0;1,0,0,0,0,0,0,0,1,0,0,0;0,1,0,0,0,0,0,0,0,0,0,0;0,0,1,1,0,0,0,0,0,0,0,0;0,0,0,0,1,0,0,0,0,0,0,0;0,0,0,0,0,1,0,0,0,0,0,0::10
1,0,0,0,0,0,1,0,0,0,1,0;0,1,0,1,0,0,0,0,0,0,0,0;0,0,1,0,1,0,0,0,0,0,0,0;1,0,0,0,0,1,0,0,0,0,0,0;0,1,0,0,0,0,0,0,0,0,0,0;0,0,1,0,0,0,0,0,0,0,0,0;1,0,0,0,0,0,0,1,0,0,0,0;0,1,0,0,0,0,0,0,1,0,0,0;0,0,1,1,0,0,0,0,0,0,0,0;0,0,0,0,1,0,0,0,0,0,0,0;0,0,0,0,0,1,0,0,0,0,0,0::10
1,0,0,0,0,0,1,0,0,0,1,0;0,1,0,1,0,0,0,0,0,0,0,0;0,0,1,0,1,0,0,0,0,0,0,0;1,0,0,0,0,1,0,0,0,0,0,0;0,1,0,0,0,0,0,0,0,0,0,0;0,0,1,0,0,0,0,0,0,0,0,0;1,0,0,0,0,0,0,0,0,0,0,0;0,1,0,0,0,0,0,1,0,0,0,0;0,0,1,1,0,0,0,0,1,0,0,0;0,0,0,0,1,0,0,0,0,0,0,0;0,0,0,0,0,1,0,0,0,0,0,0::10
1,0,0,0,0,0,1,0,0,0,1,0;0,1,0,1,0,0,0,0,0,0,0,0;0,0,1,0,1,0,0,0,0,0,0,0;1,0,0,0,0,1,0,0,0,0,0,0;0,1,0,0,0,0,0,0,0,0,0,0;0,0,1,0,0,0,0,0,0,0,0,0;1,0,0,0,0,0,0,0,0,0,0,0;0,1,0,0,0,0,0,0,0,0,0,0;0,0,1,1,0,0,0,1,0,0,0,0;0,0,0,0,1,0,0,0,1,0,0,0;0,0,0,0,0,1,0,0,0,0,0,0::10
1,0,0,0,0,0,1,0,0,0,1,0;0,1,0,1,0,0,0,0,0,0,0,0;0,0,1,0,1,0,0,0,0,0,0,0;1,0,0,0,0,1,0,0,0,0,0,0;0,1,0,0,0,0,0,0,0,0,0,0;0,0,1,0,0,0,0,0,0,0,0,0;1,0,0,0,0,0,0,0,0,0,0,0;0,1,0,0,0,0,0,0,0,0,0,0;0,0,0,1,0,0,0,0,0,0,0,0;0,0,1,0,1,0,0,1,0,0,0,0;0,0,0,0,0,1,0,0,1,0,0,0::10
1,0,0,0,0,0,1,0,0,0,1,0;0,1,0,1,0,0,0,0,0,0,0,0;0,0,1,0,1,0,0,1,0,0,0,0;1,0,0,0,0,1,0,0,0,0,0,0;0,1,0,0,0,0,0,0,0,0,0,0;0,0,1,0,0,0,0,0,0,0,0,0;1,0,0,0,0,0,0,0,0,0,0,0;0,1,0,0,0,0,0,0,0,0,0,0;0,0,1,1,0,0,0,0,0,0,0,0;0,0,0,0,1,0,0,0,1,0,0,0;0,0,0,0,0,1,0,0,0,0,0,0::10
1,0,0,1,0,0,1,0,0,0,0,0;0,1,0,0,1,0,0,1,0,0,0,0;0,0,1,0,0,1,0,0,1,0,0,0;1,0,0,1,0,0,0,0,0,0,0,0;0,1,0,0,1,0,0,0,0,0,0,0;0,0,1,0,0,1,0,0,0,0,0,0;1,0,0,0,0,0,0,0,0,0,1,0;0,1,0,1,0,0,0,0,0,0,0,0;0,0,1,0,1,0,0,0,0,0,0,0;0,0,0,0,0,1,0,0,0,0,0,0;0,0,0,1,0,0,0,1,0,0,0,0;0,0,0,0,1,0,0,0,0,0,0,0;0,0,0,0,0,1,0,0,0,0,0,0;0,0,0,0,0,0,0,1,0,0,0,0;0,0,0,0,0,0,1,0,0,0,0,0;0,0,0,0,0,0,1,0,0,0,0,0;0,0,0,0,0,0,1,0,0,0,0,0::16
0,0,0,1,0,0,0,0,0,0,0,0;1,0,0,0,1,0,1,0,0,0,0,0;0,1,0,0,0,1,0,1,0,0,0,0;0,0,1,1,0,0,0,0,1,0,0,0;1,0,0,0,1,0,0,0,0,0,0,0;0,1,0,0,0,1,0,0,0,0,0,0;0,0,1,0,0,0,0,0,0,0,1,0;1,0,0,1,0,0,0,0,0,0,0,0;0,1,0,0,1,0,0,0,0,0,0,0;0,0,1,0,0,1,0,0,0,0,0,0;0,0,0,1,0,0,0,1,0,0,0,0;0,0,0,0,1,0,0,0,0,0,0,0;0,0,0,0,0,1,0,0,0,0,0,0;0,0,0,0,0,0,0,1,0,0,0,0;0,0,0,0,0,0,1,0,0,0,0,0;0,0,0,0,0,0,1,0,0,0,0,0;0,0,0,0,0,0,1,0,0,0,0,0::16
1,0,0,1,0,0,1,0,0,0,0,0;0,1,0,0,1,0,0,0,0,0,0,0;0,0,1,0,0,1,0,1,0,0,0,0;1,0,0,1,0,0,0,0,1,0,0,0;0,0,0,0,1,0,0,0,0,0,0,0;0,0,0,0,0,1,0,0,0,0,0,0;0,1,0,0,0,0,0,0,0,0,1,0;0,0,1,1,0,0,0,0,0,0,0,0;1,0,0,0,1,0,0,0,0,0,0,0;0,1,0,0,0,1,0,0,0,0,0,0;0,0,1,1,0,0,0,1,0,0,0,0;0,0,0,0,1,0,0,0,0,0,0,0;0,0,0,0,0,1,0,0,0,0,0,0;0,0,0,0,0,0,0,1,0,0,0,0;0,0,0,0,0,0,1,0,0,0,0,0;0,0,0,0,0,0,1,0,0,0,0,0;0,0,0,0,0,0,1,0,0,0,0,0::16
1,0,0,1,0,0,1,0,0,0,0,0;0,1,0,0,1,0,0,0,0,0,0,0;0,0,1,0,0,1,0,1,0,0,0,0;1,0,0,1,0,0,0,0,1,0,0,0;0,0,0,0,1,0,0,0,0,0,0,0;0,0,0,0,0,1,0,0,0,0,0,0;0,0,0,0,0,0,0,0,0,0,1,0;0,1,0,1,0,0,0,0,0,0,0,0;0,0,1,0,1,0,0,0,0,0,0,0;1,0,0,0,0,1,0,0,0,0,0,0;0,1,0,1,0,0,0,1,0,0,0,0;0,0,1,0,1,0,0,0,0,0,0,0;0,0,0,0,0,1,0,0,0,0,0,0;0,0,0,0,0,0,0,1,0,0,0,0;0,0,0,0,0,0,1,0,0,0,0,0;0,0,0,0,0,0,1,0,0,0,0,0;0,0,0,0,0,0,1,0,0,0,0,0::16
1,0,0,1,0,0,1,0,0,0,0,0;0,1,0,0,1,0,0,1,0,0,0,0;0,0,1,0,0,1,0,0,1,0,0,0;1,0,0,1,0,0,0,0,0,0,0,0;0,0,0,0,1,0,0,0,0,0,0,0;0,0,0,0,0,1,0,0,0,0,0,0;0,0,0,0,0,0,0,0,0,0,1,0;0,0,0,1,0,0,0,0,0,0,0,0;0,1,0,0,1,0,0,0,0,0,0,0;0,0,1,0,0,1,0,0,0,0,0,0;1,0,0,1,0,0,0,0,0,0,0,0;0,1,0,0,1,0,0,1,0,0,0,0;0,0,1,0,0,1,0,0,0,0,0,0;0,0,0,0,0,0,0,1,0,0,0,0;0,0,0,0,0,0,1,0,0,0,0,0;0,0,0,0,0,0,1,0,0,0,0,0;0,0,0,0,0,0,1,0,0,0,0,0::16
1,0,0,1,0,0,1,0,0,0,0,0;0,1,0,0,1,0,0,1,0,0,0,0;0,0,1,0,0,1,0,0,1,0,0,0;1,0,0,1,0,0,0,0,0,0,0,0;0,0,0,0,1,0,0,0,0,0,0,0;0,0,0,0,0,1,0,0,0,0,0,0;0,0,0,0,0,0,0,0,0,0,1,0;0,0,0,1,0,0,0,0,0,0,0,0;0,0,0,0,1,0,0,0,0,0,0,0;0,1,0,0,0,1,0,0,0,0,0,0;0,0,1,1,0,0,0,1,0,0,0,0;1,0,0,0,1,0,0,0,0,0,0,0;0,1,0,0,0,1,0,0,0,0,0,0;0,0,1,0,0,0,0,1,0,0,0,0;0,0,0,0,0,0,1,0,0,0,0,0;0,0,0,0,0,0,1,0,0,0,0,0;0,0,0,0,0,0,1,0,0,0,0,0::16
1,0,0,1,0,0,1,0,0,0,0,0;0,1,0,0,1,0,0,1,0,0,0,0;0,0,1,0,0,1,0,0,1,0,0,0;1,0,0,1,0,0,0,0,0,0,0,0;0,0,0,0,1,0,0,0,0,0,0,0;0,1,0,0,0,1,0,0,0,0,0,0;0,0,0,0,0,0,0,0,0,0,1,0;0,0,0,1,0,0,0,0,0,0,0,0;0,0,1,0,1,0,0,0,0,0,0,0;0,0,0,0,0,1,0,0,0,0,0,0;1,0,0,1,0,0,0,1,0,0,0,0;0,1,0,0,1,0,0,0,0,0,0,0;0,0,1,0,0,1,0,0,0,0,0,0;0,0,0,0,0,0,0,1,0,0,0,0;0,0,0,0,0,0,1,0,0,0,0,0;0,0,0,0,0,0,1,0,0,0,0,0;0,0,0,0,0,0,1,0,0,0,0,0::16
1,0,0,1,0,0,1,0,0,0,0,0;0,1,0,0,1,0,0,1,0,0,0,0;0,0,1,0,0,1,0,0,1,0,0,0;0,0,0,1,0,0,0,0,0,0,0,0;1,0,0,0,1,0,0,0,0,0,0,0;0,1,0,0,0,1,0,0,0,0,0,0;0,0,0,0,0,0,0,0,0,0,1,0;0,0,0,1,0,0,0,0,0,0,0,0;0,0,1,0,1,0,0,0,0,0,0,0;0,0,0,0,0,1,0,0,0,0,0,0;1,0,0,1,0,0,0,1,0,0,0,0;0,1,0,0,1,0,0,0,0,0,0,0;0,0,1,0,0,1,0,0,0,0,0,0;0,0,0,0,0,0,0,1,0,0,0,0;0,0,0,0,0,0,1,0,0,0,0,0;0,0,0,0,0,0,1,0,0,0,0,0;0,0,0,0,0,0,1,0,0,0,0,0::16
1,0,0,1,0,0,1,0,0,0,0,0;0,1,0,0,1,0,0,1,0,0,0,0;0,0,1,0,0,1,0,0,0,0,0,0;0,0,0,1,0,0,0,0,0,0,0,0;1,0,0,0,1,0,0,0,1,0,0,0;0,1,0,0,0,1,0,0,0,0,0,0;0,0,0,0,0,0,0,0,0,0,1,0;0,0,0,1,0,0,0,0,0,0,0,0;0,0,1,0,1,0,0,0,0,0,0,0;0,0,0,0,0,1,0,0,0,0,0,0;1,0,0,1,0,0,0,1,0,0,0,0;0,1,0,0,1,0,0,0,0,0,0,0;0,0,1,0,0,1,0,0,0,0,0,0;0,0,0,0,0,0,0,1,0,0,0,0;0,0,0,0,0,0,1,0,0,0,0,0;0,0,0,0,0,0,1,0,0,0,0,0;0,0,0,0,0,0,1,0,0,0,0,0::16
1,0,0,1,0,0,1,0,0,0,0,0;0,1,0,0,1,0,0,1,0,0,0,0;0,0,1,0,0,1,0,0,0,0,0,0;0,0,0,1,0,0,0,0,0,0,0,0;1,0,0,0,1,0,0,0,0,0,0,0;0,1,0,0,0,1,0,0,1,0,0,0;0,0,0,0,0,0,0,0,0,0,1,0;0,0,0,1,0,0,0,0,0,0,0,0;0,0,1,0,1,0,0,0,0,0,0,0;0,0,0,0,0,1,0,0,0,0,0,0;1,0,0,1,0,0,0,1,0,0,0,0;0,1,0,0,1,0,0,0,0,0,0,0;0,0,1,0,0,1,0,0,0,0,0,0;0,0,0,0,0,0,0,1,0,0,0,0;0,0,0,0,0,0,1,0,0,0,0,0;0,0,0,0,0,0,1,0,0,0,0,0;0,0,0,0,0,0,1,0,0,0,0,0::16
1,0,0,0,0,0,1,0,0,0,1,0;0,1,0,1,0,0,0,1,0,0,0,0;0,0,1,0,1,0,0,0,1,0,0,0;1,0,0,0,0,1,0,0,0,0,0,0;0,1,0,0,0,0,0,0,0,0,0,0;0,0,1,0,0,0,0,0,0,0,0,0;1,0,0,0,0,0,0,0,0,0,0,0;0,1,0,0,0,0,0,0,0,0,0,0;0,0,1,1,0,0,0,0,0,0,0,0;0,0,0,0,1,0,0,0,0,0,0,0;0,0,0,0,0,1,0,0,0,0,0,0::10
1,0,0,0,0,0,0,0,0,0,0,0;0,1,0,0,0,0,1,0,0,0,1,0;0,0,1,1,0,0,0,1,0,0,0,0;1,0,0,0,1,0,0,0,1,0,0,0;0,1,0,0,0,1,0,0,0,0,0,0;0,0,1,0,0,0,0,0,0,0,0,0;1,0,0,0,0,0,0,0,0,0,0,0;0,1,0,0,0,0,0,0,0,0,0,0;0,0,1,1,0,0,0,0,0,0,0,0;0,0,0,0,1,0,0,0,0,0,0,0;0,0,0,0,0,1,0,0,0,0,0,0::10
1,0,0,0,0,0,1,0,0,0,1,0;0,1,0,1,0,0,0,0,0,0,0,0;0,0,1,0,1,0,0,0,0,0,0,0;1,0,0,0,0,1,0,1,0,0,0,0;0,1,0,0,0,0,0,0,1,0,0,0;0,0,1,0,0,0,0,0,0,0,0,0;1,0,0,0,0,0,0,0,0,0,0,0;0,1,0,0,0,0,0,0,0,0,0,0;0,0,1,1,0,0,0,0,0,0,0,0;0,0,0,0,1,0,0,0,0,0,0,0;0,0,0,0,0,1,0,0,0,0,0,0::10
1,0,0,0,0,0,1,0,0,0,1,0;0,1,0,1,0,0,0,0,0,0,0,0;0,0,1,0,1,0,0,0,0,0,0,0;1,0,0,0,0,1,0,0,0,0,0,0;0,1,0,0,0,0,0,1,0,0,0,0;0,0,1,0,0,0,0,0,1,0,0,0;1,0,0,0,0,0,0,0,0,0,0,0;0,1,0,0,0,0,0,0,0,0,0,0;0,0,1,1,0,0,0,0,0,0,0,0;0,0,0,0,1,0,0,0,0,0,0,0;0,0,0,0,0,1,0,0,0,0,0,0::10
1,0,0,0,0,0,1,0,0,0,1,0;0,1,0,1,0,0,0,0,0,0,0,0;0,0,1,0,1,0,0,0,0,0,0,0;1,0,0,0,0,1,0,0,0,0,0,0;0,1,0,0,0,0,0,0,0,0,0,0;0,0,1,0,0,0,0,1,0,0,0,0;1,0,0,0,0,0,0,0,1,0,0,0;0,1,0,0,0,0,0,0,0,0,0,0;0,0,1,1,0,0,0,0,0,0,0,0;0,0,0,0,1,0,0,0,0,0,0,0;0,0,0,0,0,1,0,0,0,0,0,0::10
1,0,0,0,0,0,1,0,0,0,1,0;0,1,0,1,0,0,0,0,0,0,0,0;0,0,1,0,1,0,0,0,0,0,0,0;1,0,0,0,0,1,0,0,0,0,0,0;0,1,0,0,0,0,0,0,0,0,0,0;0,0,1,0,0,0,0,0,0,0,0,0;1,0,0,0,0,0,0,1,0,0,0,0;0,1,0,0,0,0,0,0,1,0,0,0;0,0,1,1,0,0,0,0,0,0,0,0;0,0,0,0,1,0,0,0,0,0,0,0;0,0,0,0,0,1,0,0,0,0,0,0::10
1,0,0,0,0,0,1,0,0,0,1,0;0,1,0,1,0,0,0,0,0,0,0,0;0,0,1,0,1,0,0,0,0,0,0,0;1,0,0,0,0,1,0,0,0,0,0,0;0,1,0,0,0,0,0,0,0,0,0,0;0,0,1,0,0,0,0,0,0,0,0,0;1,0,0,0,0,0,0,0,0,0,0,0;0,1,0,0,0,0,0,1,0,0,0,0;0,0,1,1,0,0,0,0,1,0,0,0;0,0,0,0,1,0,0,0,0,0,0,0;0,0,0,0,0,1,0,0,0,0,0,0::10
1,0,0,0,0,0,1,0,0,0,1,0;0,1,0,1,0,0,0,0,0,0,0,0;0,0,1,0,1,0,0,0,0,0,0,0;1,0,0,0,0,1,0,0,0,0,0,0;0,1,0,0,0,0,0,0,0,0,0,0;0,0,1,0,0,0,0,0,0,0,0,0;1,0,0,0,0,0,0,0,0,0,0,0;0,1,0,0,0,0,0,0,0,0,0,0;0,0,1,1,0,0,0,1,0,0,0,0;0,0,0,0,1,0,0,0,1,0,0,0;0,0,0,0,0,1,0,0,0,0,0,0::10
1,0,0,0,0,0,1,0,0,0,1,0;0,1,0,1,0,0,0,0,0,0,0,0;0,0,1,0,1,0,0,0,0,0,0,0;1,0,0,0,0,1,0,0,0,0,0,0;0,1,0,0,0,0,0,0,0,0,0,0;0,0,1,0,0,0,0,0,0,0,0,0;1,0,0,0,0,0,0,0,0,0,0,0;0,1,0,0,0,0,0,0,0,0,0,0;0,0,0,1,0,0,0,0,0,0,0,0;0,0,1,0,1,0,0,1,0,0,0,0;0,0,0,0,0,1,0,0,1,0,0,0::10
1,0,0,0,0,0,1,0,0,0,1,0;0,1,0,1,0,0,0,1,0,0,0,0;0,0,1,0,1,0,0,0,0,0,0,0;1,0,0,0,0,1,0,0,0,0,0,0;0,1,0,0,0,0,0,0,0,0,0,0;0,0,1,0,0,0,0,0,0,0,0,0;1,0,0,0,0,0,0,0,0,0,0,0;0,1,0,0,0,0,0,0,0,0,0,0;0,0,1,1,0,0,0,0,0,0,0,0;0,0,0,0,1,0,0,0,1,0,0,0;0,0,0,0,0,1,0,0,0,0,0,0::10
---
G,F,!,U,&,|,->,X
---
10
